[debug] [2025-06-13T07:16:55.149Z] ----------------------------------------------------------------------
[debug] [2025-06-13T07:16:55.181Z] Command:       C:\Program Files\nodejs\node.exe C:\Users\crist\AppData\Roaming\npm\node_modules\firebase-tools\lib\bin\firebase.js init hosting
[debug] [2025-06-13T07:16:55.182Z] CLI Version:   14.6.0
[debug] [2025-06-13T07:16:55.182Z] Platform:      win32
[debug] [2025-06-13T07:16:55.183Z] Node Version:  v22.14.0
[debug] [2025-06-13T07:16:55.184Z] Time:          Fri Jun 13 2025 04:16:55 GMT-0300 (hora estándar de Argentina)
[debug] [2025-06-13T07:16:55.184Z] ----------------------------------------------------------------------
[debug] 
[debug] [2025-06-13T07:16:55.202Z] > command requires scopes: ["email","openid","https://www.googleapis.com/auth/cloudplatformprojects.readonly","https://www.googleapis.com/auth/firebase","https://www.googleapis.com/auth/cloud-platform"]
[debug] [2025-06-13T07:16:55.202Z] > authorizing via signed-in user (hosannamusica.contacto@gmail.com)
[info] 
     ######## #### ########  ######## ########     ###     ######  ########
     ##        ##  ##     ## ##       ##     ##  ##   ##  ##       ##
     ######    ##  ########  ######   ########  #########  ######  ######
     ##        ##  ##    ##  ##       ##     ## ##     ##       ## ##
     ##       #### ##     ## ######## ########  ##     ##  ######  ########

You're about to initialize a Firebase project in this directory:

  C:\cristsoft\hosanna_landing_page

Before we get started, keep in mind:

  * You are currently outside your home directory

[info] 
=== Project Setup
[info] 
[info] First, let's associate this project directory with a Firebase project.
[info] You can create multiple project aliases by running firebase use --add, 
[info] but for now we'll just set up a default project.
[info] 
[debug] [2025-06-13T07:17:38.750Z] Checked if tokens are valid: false, expires at: 1749795739902
[debug] [2025-06-13T07:17:38.750Z] Checked if tokens are valid: false, expires at: 1749795739902
[debug] [2025-06-13T07:17:38.751Z] > refreshing access token with scopes: []
[debug] [2025-06-13T07:17:38.754Z] >>> [apiv2][query] POST https://www.googleapis.com/oauth2/v3/token [none]
[debug] [2025-06-13T07:17:38.754Z] >>> [apiv2][body] POST https://www.googleapis.com/oauth2/v3/token [omitted]
[debug] [2025-06-13T07:17:39.379Z] <<< [apiv2][status] POST https://www.googleapis.com/oauth2/v3/token 200
[debug] [2025-06-13T07:17:39.379Z] <<< [apiv2][body] POST https://www.googleapis.com/oauth2/v3/token [omitted]
[debug] [2025-06-13T07:17:39.391Z] >>> [apiv2][query] GET https://firebase.googleapis.com/v1beta1/projects pageSize=100
[debug] [2025-06-13T07:17:40.176Z] <<< [apiv2][status] GET https://firebase.googleapis.com/v1beta1/projects 200
[debug] [2025-06-13T07:17:40.176Z] <<< [apiv2][body] GET https://firebase.googleapis.com/v1beta1/projects [omitted]
[info] i  Using project hosanna-apps (Hosanna) 
[info] 
=== Hosting Setup
[debug] [2025-06-13T07:21:30.237Z] Checked if tokens are valid: true, expires at: 1749802657379
[debug] [2025-06-13T07:21:30.237Z] Checked if tokens are valid: true, expires at: 1749802657379
[debug] [2025-06-13T07:21:30.238Z] >>> [apiv2][query] GET https://firebase.googleapis.com/v1beta1/projects/hosanna-apps [none]
[debug] [2025-06-13T07:21:30.771Z] <<< [apiv2][status] GET https://firebase.googleapis.com/v1beta1/projects/hosanna-apps 200
[debug] [2025-06-13T07:21:30.772Z] <<< [apiv2][body] GET https://firebase.googleapis.com/v1beta1/projects/hosanna-apps {"projectId":"hosanna-apps","projectNumber":"756458273005","displayName":"Hosanna","name":"projects/hosanna-apps","resources":{"hostingSite":"hosanna-apps"},"state":"ACTIVE","etag":"1_3f33dd81-70a5-46cc-8980-038ef8adc04a"}
[info] 
[info] Your public directory is the folder (relative to your project directory) that
[info] will contain Hosting assets to be uploaded with firebase deploy. If you
[info] have a build process for your assets, use your build's output directory.
[info] 
